[0m18:20:08.940353 [debug] [MainThread]: Sending event: {'category': 'dbt', 'action': 'invocation', 'label': 'start', 'context': [<snowplow_tracker.self_describing_json.SelfDescribingJson object at 0x7fcd95fa6490>, <snowplow_tracker.self_describing_json.SelfDescribingJson object at 0x7fcd94346a00>, <snowplow_tracker.self_describing_json.SelfDescribingJson object at 0x7fcd94346a90>]}


============================== 18:20:08.943068 | 1a13677d-45f0-42d6-98da-8abf636e4a7f ==============================
[0m18:20:08.943068 [info ] [MainThread]: Running with dbt=1.5.2
[0m18:20:08.943613 [debug] [MainThread]: running dbt with arguments {'printer_width': '80', 'indirect_selection': 'eager', 'log_cache_events': 'False', 'write_json': 'True', 'partial_parse': 'True', 'cache_selected_only': 'False', 'profiles_dir': '/home/vinicius/.dbt', 'debug': 'False', 'warn_error': 'None', 'log_path': 'logs', 'version_check': 'True', 'fail_fast': 'False', 'use_colors': 'True', 'use_experimental_parser': 'False', 'no_print': 'None', 'quiet': 'False', 'log_format': 'default', 'static_parser': 'True', 'introspect': 'True', 'warn_error_options': 'WarnErrorOptions(include=[], exclude=[])', 'target_path': 'None', 'send_anonymous_usage_stats': 'True'}
[0m18:20:08.944278 [warn ] [MainThread]: [ConfigFolderDirectory]: Unable to parse dict {'dir': PosixPath('/home/vinicius/.dbt')}
[0m18:20:08.944667 [info ] [MainThread]: Creating dbt configuration folder at 
[0m18:20:08.945896 [debug] [MainThread]: Starter project path: /home/vinicius/airflow_env/lib/python3.8/site-packages/dbt/include/starter_project
[0m18:20:35.228460 [info ] [MainThread]: Profile google_trends written to /home/vinicius/.dbt/profiles.yml using target's profile_template.yml and your supplied values. Run 'dbt debug' to validate the connection.
[0m18:20:35.229068 [info ] [MainThread]: 
Your new dbt project "google_trends" was created!

For more information on how to configure the profiles.yml file,
please consult the dbt documentation here:

  https://docs.getdbt.com/docs/configure-your-profile

One more thing:

Need help? Don't hesitate to reach out to us via GitHub issues or on Slack:

  https://community.getdbt.com/

Happy modeling!

[0m18:20:35.229695 [debug] [MainThread]: Command `dbt init` succeeded at 18:20:35.229610 after 26.30 seconds
[0m18:20:35.230058 [debug] [MainThread]: Sending event: {'category': 'dbt', 'action': 'invocation', 'label': 'end', 'context': [<snowplow_tracker.self_describing_json.SelfDescribingJson object at 0x7fcd95fa6490>, <snowplow_tracker.self_describing_json.SelfDescribingJson object at 0x7fcd98567220>, <snowplow_tracker.self_describing_json.SelfDescribingJson object at 0x7fcd9436da60>]}
[0m18:20:35.230433 [debug] [MainThread]: Flushing usage events
[0m19:00:55.641749 [debug] [MainThread]: Sending event: {'category': 'dbt', 'action': 'invocation', 'label': 'start', 'context': [<snowplow_tracker.self_describing_json.SelfDescribingJson object at 0x7efdb3e744f0>, <snowplow_tracker.self_describing_json.SelfDescribingJson object at 0x7efdb2216ac0>, <snowplow_tracker.self_describing_json.SelfDescribingJson object at 0x7efdb2216790>]}


============================== 19:00:55.644628 | 4062ab10-8617-4ea5-901e-6f337d1ee164 ==============================
[0m19:00:55.644628 [info ] [MainThread]: Running with dbt=1.5.2
[0m19:00:55.645245 [debug] [MainThread]: running dbt with arguments {'printer_width': '80', 'indirect_selection': 'eager', 'log_cache_events': 'False', 'write_json': 'True', 'partial_parse': 'True', 'cache_selected_only': 'False', 'profiles_dir': '/home/vinicius/.dbt', 'fail_fast': 'False', 'version_check': 'True', 'log_path': 'logs', 'warn_error': 'None', 'debug': 'False', 'use_colors': 'True', 'use_experimental_parser': 'False', 'no_print': 'None', 'quiet': 'False', 'log_format': 'default', 'introspect': 'True', 'warn_error_options': 'WarnErrorOptions(include=[], exclude=[])', 'static_parser': 'True', 'target_path': 'None', 'send_anonymous_usage_stats': 'True'}
[0m19:00:55.645872 [info ] [MainThread]: dbt version: 1.5.2
[0m19:00:55.646284 [info ] [MainThread]: python version: 3.8.10
[0m19:00:55.646726 [info ] [MainThread]: python path: /home/vinicius/airflow_env/bin/python
[0m19:00:55.647106 [info ] [MainThread]: os info: Linux-5.10.16.3-microsoft-standard-WSL2-x86_64-with-glibc2.29
[0m19:00:55.647481 [info ] [MainThread]: Using profiles.yml file at /home/vinicius/.dbt/profiles.yml
[0m19:00:55.647851 [info ] [MainThread]: Using dbt_project.yml file at /mnt/c/Users/vinic/OneDrive/Documents/Git/dbt-tests/dbt_project.yml
[0m19:00:55.648227 [info ] [MainThread]: Configuration:
[0m19:00:56.097878 [info ] [MainThread]:   profiles.yml file [[32mOK found and valid[0m]
[0m19:00:56.098775 [info ] [MainThread]:   dbt_project.yml file [[31mERROR not found[0m]
[0m19:00:56.099210 [info ] [MainThread]: Required dependencies:
[0m19:00:56.099640 [debug] [MainThread]: Executing "git --help"
[0m19:00:56.103977 [debug] [MainThread]: STDOUT: "b"usage: git [--version] [--help] [-C <path>] [-c <name>=<value>]\n           [--exec-path[=<path>]] [--html-path] [--man-path] [--info-path]\n           [-p | --paginate | -P | --no-pager] [--no-replace-objects] [--bare]\n           [--git-dir=<path>] [--work-tree=<path>] [--namespace=<name>]\n           <command> [<args>]\n\nThese are common Git commands used in various situations:\n\nstart a working area (see also: git help tutorial)\n   clone             Clone a repository into a new directory\n   init              Create an empty Git repository or reinitialize an existing one\n\nwork on the current change (see also: git help everyday)\n   add               Add file contents to the index\n   mv                Move or rename a file, a directory, or a symlink\n   restore           Restore working tree files\n   rm                Remove files from the working tree and from the index\n   sparse-checkout   Initialize and modify the sparse-checkout\n\nexamine the history and state (see also: git help revisions)\n   bisect            Use binary search to find the commit that introduced a bug\n   diff              Show changes between commits, commit and working tree, etc\n   grep              Print lines matching a pattern\n   log               Show commit logs\n   show              Show various types of objects\n   status            Show the working tree status\n\ngrow, mark and tweak your common history\n   branch            List, create, or delete branches\n   commit            Record changes to the repository\n   merge             Join two or more development histories together\n   rebase            Reapply commits on top of another base tip\n   reset             Reset current HEAD to the specified state\n   switch            Switch branches\n   tag               Create, list, delete or verify a tag object signed with GPG\n\ncollaborate (see also: git help workflows)\n   fetch             Download objects and refs from another repository\n   pull              Fetch from and integrate with another repository or a local branch\n   push              Update remote refs along with associated objects\n\n'git help -a' and 'git help -g' list available subcommands and some\nconcept guides. See 'git help <command>' or 'git help <concept>'\nto read about a specific subcommand or concept.\nSee 'git help git' for an overview of the system.\n""
[0m19:00:56.104610 [debug] [MainThread]: STDERR: "b''"
[0m19:00:56.104994 [info ] [MainThread]:  - git [[32mOK found[0m]

[0m19:00:56.105439 [info ] [MainThread]: Connection:
[0m19:00:56.105892 [info ] [MainThread]:   method: service-account
[0m19:00:56.106293 [info ] [MainThread]:   database: dbt-tests-392306
[0m19:00:56.106733 [info ] [MainThread]:   schema: google_trends_dbt
[0m19:00:56.107119 [info ] [MainThread]:   location: US
[0m19:00:56.107529 [info ] [MainThread]:   priority: interactive
[0m19:00:56.107930 [info ] [MainThread]:   timeout_seconds: 300
[0m19:00:56.108319 [info ] [MainThread]:   maximum_bytes_billed: None
[0m19:00:56.108694 [info ] [MainThread]:   execution_project: dbt-tests-392306
[0m19:00:56.109071 [info ] [MainThread]:   job_retry_deadline_seconds: None
[0m19:00:56.109474 [info ] [MainThread]:   job_retries: 1
[0m19:00:56.109850 [info ] [MainThread]:   job_creation_timeout_seconds: None
[0m19:00:56.110223 [info ] [MainThread]:   job_execution_timeout_seconds: 300
[0m19:00:56.110596 [info ] [MainThread]:   gcs_bucket: None
[0m19:00:56.111258 [info ] [MainThread]: Registered adapter: bigquery=1.5.3
[0m19:00:56.111981 [debug] [MainThread]: Acquiring new bigquery connection 'debug'
[0m19:00:56.112336 [debug] [MainThread]: Opening a new connection, currently in state init
[0m19:00:56.112769 [debug] [MainThread]: BigQuery adapter: Got an error when attempting to create a bigquery client: '[Errno 2] No such file or directory: '/home/vinicius/.dbt/dbt-tests-svg-account.json''
[0m19:00:56.113150 [info ] [MainThread]:   Connection test: [[31mERROR[0m]

[0m19:00:56.113572 [info ] [MainThread]: [31m2 checks failed:[0m
[0m19:00:56.113987 [info ] [MainThread]: Could not load dbt_project.yml

[0m19:00:56.114408 [info ] [MainThread]: dbt was unable to connect to the specified database.
The database returned the following error:

  >Database Error
  [Errno 2] No such file or directory: '/home/vinicius/.dbt/dbt-tests-svg-account.json'

Check your database credentials and try again. For more information, visit:
https://docs.getdbt.com/docs/configure-your-profile


[0m19:00:56.115095 [debug] [MainThread]: Command `dbt debug` failed at 19:00:56.114994 after 0.49 seconds
[0m19:00:56.115486 [debug] [MainThread]: Connection 'debug' was properly closed.
[0m19:00:56.115865 [debug] [MainThread]: Sending event: {'category': 'dbt', 'action': 'invocation', 'label': 'end', 'context': [<snowplow_tracker.self_describing_json.SelfDescribingJson object at 0x7efdb3e744f0>, <snowplow_tracker.self_describing_json.SelfDescribingJson object at 0x7efd7c0f8a60>, <snowplow_tracker.self_describing_json.SelfDescribingJson object at 0x7efd7c0f8670>]}
[0m19:00:56.116285 [debug] [MainThread]: Flushing usage events
[0m19:39:38.053730 [debug] [MainThread]: Sending event: {'category': 'dbt', 'action': 'invocation', 'label': 'start', 'context': [<snowplow_tracker.self_describing_json.SelfDescribingJson object at 0x7f9c49c29550>, <snowplow_tracker.self_describing_json.SelfDescribingJson object at 0x7f9c47fc7be0>, <snowplow_tracker.self_describing_json.SelfDescribingJson object at 0x7f9c47fc76d0>]}


============================== 19:39:38.056536 | 9c3ee7a1-7f9a-4b63-a1f0-fb1be14e7906 ==============================
[0m19:39:38.056536 [info ] [MainThread]: Running with dbt=1.5.2
[0m19:39:38.057195 [debug] [MainThread]: running dbt with arguments {'printer_width': '80', 'indirect_selection': 'eager', 'write_json': 'True', 'log_cache_events': 'False', 'partial_parse': 'True', 'cache_selected_only': 'False', 'warn_error': 'None', 'version_check': 'True', 'profiles_dir': '/home/vinicius/.dbt', 'log_path': 'logs', 'debug': 'False', 'fail_fast': 'False', 'use_colors': 'True', 'use_experimental_parser': 'False', 'no_print': 'None', 'quiet': 'False', 'warn_error_options': 'WarnErrorOptions(include=[], exclude=[])', 'static_parser': 'True', 'log_format': 'default', 'introspect': 'True', 'target_path': 'None', 'send_anonymous_usage_stats': 'True'}
[0m19:39:38.057959 [error] [MainThread]: Encountered an error:
Runtime Error
  No dbt_project.yml found at expected path /mnt/c/Users/vinic/OneDrive/Documents/Git/dbt-tests/dbt_project.yml
  Verify that each entry within packages.yml (and their transitive dependencies) contains a file named dbt_project.yml
  
[0m19:39:38.058585 [debug] [MainThread]: Command `dbt run` failed at 19:39:38.058497 after 0.02 seconds
[0m19:39:38.058976 [debug] [MainThread]: Sending event: {'category': 'dbt', 'action': 'invocation', 'label': 'end', 'context': [<snowplow_tracker.self_describing_json.SelfDescribingJson object at 0x7f9c49c29550>, <snowplow_tracker.self_describing_json.SelfDescribingJson object at 0x7f9c47ff60d0>, <snowplow_tracker.self_describing_json.SelfDescribingJson object at 0x7f9c47ff6f10>]}
[0m19:39:38.059353 [debug] [MainThread]: Flushing usage events
[0m22:17:14.801387 [debug] [MainThread]: Sending event: {'category': 'dbt', 'action': 'invocation', 'label': 'start', 'context': [<snowplow_tracker.self_describing_json.SelfDescribingJson object at 0x7f3f9ee26550>, <snowplow_tracker.self_describing_json.SelfDescribingJson object at 0x7f3f9d1c4be0>, <snowplow_tracker.self_describing_json.SelfDescribingJson object at 0x7f3f9d1c46d0>]}


============================== 22:17:14.804179 | 98b63c1a-b5d5-4b41-8fd8-744644c6e601 ==============================
[0m22:17:14.804179 [info ] [MainThread]: Running with dbt=1.5.2
[0m22:17:14.804788 [debug] [MainThread]: running dbt with arguments {'printer_width': '80', 'indirect_selection': 'eager', 'write_json': 'True', 'log_cache_events': 'False', 'partial_parse': 'True', 'cache_selected_only': 'False', 'warn_error': 'None', 'version_check': 'True', 'fail_fast': 'False', 'log_path': 'logs', 'debug': 'False', 'profiles_dir': '/home/vinicius/.dbt', 'use_colors': 'True', 'use_experimental_parser': 'False', 'no_print': 'None', 'quiet': 'False', 'log_format': 'default', 'static_parser': 'True', 'warn_error_options': 'WarnErrorOptions(include=[], exclude=[])', 'introspect': 'True', 'target_path': 'None', 'send_anonymous_usage_stats': 'True'}
[0m22:17:14.805458 [error] [MainThread]: Encountered an error:
Runtime Error
  No dbt_project.yml found at expected path /mnt/c/Users/vinic/OneDrive/Documents/Git/dbt-tests/dbt_project.yml
  Verify that each entry within packages.yml (and their transitive dependencies) contains a file named dbt_project.yml
  
[0m22:17:14.806088 [debug] [MainThread]: Command `dbt test` failed at 22:17:14.806004 after 0.02 seconds
[0m22:17:14.806480 [debug] [MainThread]: Sending event: {'category': 'dbt', 'action': 'invocation', 'label': 'end', 'context': [<snowplow_tracker.self_describing_json.SelfDescribingJson object at 0x7f3f9ee26550>, <snowplow_tracker.self_describing_json.SelfDescribingJson object at 0x7f3f9d1f30d0>, <snowplow_tracker.self_describing_json.SelfDescribingJson object at 0x7f3f9d1f3f10>]}
[0m22:17:14.806876 [debug] [MainThread]: Flushing usage events
